<?xml version="1.0" encoding="UTF-8"?>
<testng-results ignored="0" total="3" passed="2" failed="1" skipped="0">
  <reporter-output>
  </reporter-output>
  <suite started-at="2022-09-11T16:53:19 EDT" name="Suite" finished-at="2022-09-11T16:53:32 EDT" duration-ms="13414">
    <groups>
    </groups>
    <test started-at="2022-09-11T16:53:19 EDT" name="Test" finished-at="2022-09-11T16:53:32 EDT" duration-ms="13414">
      <class name="com.test.qStoreTest">
        <test-method is-config="true" signature="beforeSuite()[pri:0, instance:com.test.qStoreTest@6d4d66d2]" started-at="2022-09-11T16:53:18 EDT" name="beforeSuite" finished-at="2022-09-11T16:53:19 EDT" duration-ms="267" status="PASS">
          <reporter-output>
          </reporter-output>
        </test-method> <!-- beforeSuite -->
        <test-method is-config="true" signature="setup()[pri:0, instance:com.test.qStoreTest@6d4d66d2]" started-at="2022-09-11T16:53:19 EDT" name="setup" finished-at="2022-09-11T16:53:22 EDT" duration-ms="3730" status="PASS">
          <reporter-output>
          </reporter-output>
        </test-method> <!-- setup -->
        <test-method signature="loginTest()[pri:0, instance:com.test.qStoreTest@6d4d66d2]" started-at="2022-09-11T16:53:22 EDT" name="loginTest" finished-at="2022-09-11T16:53:25 EDT" duration-ms="2806" status="FAIL">
          <exception class="java.lang.AssertionError">
            <message>
              <![CDATA[expected [My account - My Store_1] but found [My account - My Store]]]>
            </message>
            <full-stacktrace>
              <![CDATA[java.lang.AssertionError: expected [My account - My Store_1] but found [My account - My Store]
at org.testng.Assert.fail(Assert.java:110)
at org.testng.Assert.failNotEquals(Assert.java:1413)
at org.testng.Assert.assertEqualsImpl(Assert.java:149)
at org.testng.Assert.assertEquals(Assert.java:131)
at org.testng.Assert.assertEquals(Assert.java:655)
at org.testng.Assert.assertEquals(Assert.java:665)
at com.test.qStoreTest.loginTest(qStoreTest.java:29)
at java.base/jdk.internal.reflect.NativeMethodAccessorImpl.invoke0(Native Method)
at java.base/jdk.internal.reflect.NativeMethodAccessorImpl.invoke(NativeMethodAccessorImpl.java:62)
at java.base/jdk.internal.reflect.DelegatingMethodAccessorImpl.invoke(DelegatingMethodAccessorImpl.java:43)
at java.base/java.lang.reflect.Method.invoke(Method.java:566)
at org.testng.internal.invokers.MethodInvocationHelper.invokeMethod(MethodInvocationHelper.java:139)
at org.testng.internal.invokers.TestInvoker.invokeMethod(TestInvoker.java:677)
at org.testng.internal.invokers.TestInvoker.invokeTestMethod(TestInvoker.java:221)
at org.testng.internal.invokers.MethodRunner.runInSequence(MethodRunner.java:50)
at org.testng.internal.invokers.TestInvoker$MethodInvocationAgent.invoke(TestInvoker.java:962)
at org.testng.internal.invokers.TestInvoker.invokeTestMethods(TestInvoker.java:194)
at org.testng.internal.invokers.TestMethodWorker.invokeTestMethods(TestMethodWorker.java:148)
at org.testng.internal.invokers.TestMethodWorker.run(TestMethodWorker.java:128)
at java.base/java.util.ArrayList.forEach(ArrayList.java:1541)
at org.testng.TestRunner.privateRun(TestRunner.java:806)
at org.testng.TestRunner.run(TestRunner.java:601)
at org.testng.SuiteRunner.runTest(SuiteRunner.java:433)
at org.testng.SuiteRunner.runSequentially(SuiteRunner.java:427)
at org.testng.SuiteRunner.privateRun(SuiteRunner.java:387)
at org.testng.SuiteRunner.run(SuiteRunner.java:330)
at org.testng.SuiteRunnerWorker.runSuite(SuiteRunnerWorker.java:52)
at org.testng.SuiteRunnerWorker.run(SuiteRunnerWorker.java:95)
at org.testng.TestNG.runSuitesSequentially(TestNG.java:1256)
at org.testng.TestNG.runSuitesLocally(TestNG.java:1176)
at org.testng.TestNG.runSuites(TestNG.java:1099)
at org.testng.TestNG.run(TestNG.java:1067)
at org.testng.remote.AbstractRemoteTestNG.run(AbstractRemoteTestNG.java:115)
at org.testng.remote.RemoteTestNG.initAndRun(RemoteTestNG.java:251)
at org.testng.remote.RemoteTestNG.main(RemoteTestNG.java:77)
]]>
            </full-stacktrace>
          </exception> <!-- java.lang.AssertionError -->
          <reporter-output>
          </reporter-output>
        </test-method> <!-- loginTest -->
        <test-method is-config="true" signature="tearDown()[pri:0, instance:com.test.qStoreTest@6d4d66d2]" started-at="2022-09-11T16:53:26 EDT" name="tearDown" finished-at="2022-09-11T16:53:26 EDT" duration-ms="73" status="PASS">
          <reporter-output>
          </reporter-output>
        </test-method> <!-- tearDown -->
        <test-method is-config="true" signature="setup()[pri:0, instance:com.test.qStoreTest@6d4d66d2]" started-at="2022-09-11T16:53:26 EDT" name="setup" finished-at="2022-09-11T16:53:29 EDT" duration-ms="3437" status="PASS">
          <reporter-output>
          </reporter-output>
        </test-method> <!-- setup -->
        <test-method signature="sampleTest()[pri:0, instance:com.test.qStoreTest@6d4d66d2]" started-at="2022-09-11T16:53:29 EDT" name="sampleTest" finished-at="2022-09-11T16:53:29 EDT" duration-ms="2" status="PASS">
          <reporter-output>
          </reporter-output>
        </test-method> <!-- sampleTest -->
        <test-method is-config="true" signature="tearDown()[pri:0, instance:com.test.qStoreTest@6d4d66d2]" started-at="2022-09-11T16:53:29 EDT" name="tearDown" finished-at="2022-09-11T16:53:29 EDT" duration-ms="60" status="PASS">
          <reporter-output>
          </reporter-output>
        </test-method> <!-- tearDown -->
        <test-method is-config="true" signature="setup()[pri:0, instance:com.test.qStoreTest@6d4d66d2]" started-at="2022-09-11T16:53:29 EDT" name="setup" finished-at="2022-09-11T16:53:32 EDT" duration-ms="2718" status="PASS">
          <reporter-output>
          </reporter-output>
        </test-method> <!-- setup -->
        <test-method signature="verifyLogoTest()[pri:0, instance:com.test.qStoreTest@6d4d66d2]" started-at="2022-09-11T16:53:32 EDT" name="verifyLogoTest" finished-at="2022-09-11T16:53:32 EDT" duration-ms="80" status="PASS">
          <reporter-output>
          </reporter-output>
        </test-method> <!-- verifyLogoTest -->
        <test-method is-config="true" signature="tearDown()[pri:0, instance:com.test.qStoreTest@6d4d66d2]" started-at="2022-09-11T16:53:32 EDT" name="tearDown" finished-at="2022-09-11T16:53:32 EDT" duration-ms="68" status="PASS">
          <reporter-output>
          </reporter-output>
        </test-method> <!-- tearDown -->
        <test-method is-config="true" signature="afterSuite()[pri:0, instance:com.test.qStoreTest@6d4d66d2]" started-at="2022-09-11T16:53:32 EDT" name="afterSuite" finished-at="2022-09-11T16:53:33 EDT" duration-ms="457" status="PASS">
          <reporter-output>
          </reporter-output>
        </test-method> <!-- afterSuite -->
      </class> <!-- com.test.qStoreTest -->
    </test> <!-- Test -->
  </suite> <!-- Suite -->
</testng-results>
